This is pdfTeX, Version 3.14159265-2.6-1.40.19 (MiKTeX 2.9.6930 64-bit) (preloaded format=pdflatex 2019.1.14)  4 MAR 2021 17:49
entering extended mode
**./SR_Lista1.tex
(SR_Lista1.tex
LaTeX2e <2018-12-01>
("C:\Users\cp24\AppData\Local\Programs\MiKTeX 2.9\tex/latex/base\article.cls"
Document Class: article 2018/09/03 v1.4i Standard LaTeX document class
("C:\Users\cp24\AppData\Local\Programs\MiKTeX 2.9\tex/latex/base\size10.clo"
File: size10.clo 2018/09/03 v1.4i Standard LaTeX file (size option)
)
\c@part=\count80
\c@section=\count81
\c@subsection=\count82
\c@subsubsection=\count83
\c@paragraph=\count84
\c@subparagraph=\count85
\c@figure=\count86
\c@table=\count87
\abovecaptionskip=\skip41
\belowcaptionskip=\skip42
\bibindent=\dimen102
)
("C:\Users\cp24\AppData\Local\Programs\MiKTeX 2.9\tex/generic/babel\babel.sty"
Package: babel 2018/11/13 3.27 The Babel package

("C:\Users\cp24\AppData\Local\Programs\MiKTeX 2.9\tex/generic/babel\switch.def"
File: switch.def 2018/11/13 3.27 Babel switching mechanism
)
*************************************
* Local config file bblopts.cfg used
*
("C:\Users\cp24\AppData\Local\Programs\MiKTeX 2.9\tex/latex/arabi\bblopts.cfg"
File: bblopts.cfg 2005/09/08 v0.1 add Arabic and Farsi to "declared" options of
 babel
)
("C:\Users\cp24\AppData\Local\Programs\MiKTeX 2.9\tex/latex/babel-english\engli
sh.ldf"
Language: english 2017/06/06 v3.3r English support from the babel system

("C:\Users\cp24\AppData\Local\Programs\MiKTeX 2.9\tex/generic/babel\babel.def"
File: babel.def 2018/11/13 3.27 Babel common definitions
\babel@savecnt=\count88
\U@D=\dimen103

("C:\Users\cp24\AppData\Local\Programs\MiKTeX 2.9\tex/generic/babel\txtbabel.de
f")
\bbl@dirlevel=\count89
)
\l@canadian = a dialect from \language\l@american 
\l@australian = a dialect from \language\l@british 
\l@newzealand = a dialect from \language\l@british 
))
("C:\Users\cp24\AppData\Local\Programs\MiKTeX 2.9\tex/latex/polski\polski.sty"
Package: polski 2017/05/04 v1.3.4 Polish language package

   Switching to Polish text encoding and Polish maths fonts.
("C:\Users\cp24\AppData\Local\Programs\MiKTeX 2.9\tex/latex/base\ot4enc.def"
File: ot4enc.def 2018/08/11 v2.0j Standard LaTeX file
Now handling font encoding OT4 ...
... no UTF-8 mapping file for font encoding OT4
)
LaTeX Font Info:    Try loading font information for OT4+cmr on input line 360.


("C:\Users\cp24\AppData\Local\Programs\MiKTeX 2.9\tex/latex/polski\ot4cmr.fd"
File: ot4cmr.fd 2008/02/24 v1.2.1 Font defs for fonts PL (MW)
)
LaTeX Font Info:    Overwriting math alphabet `\mathbf' in version `normal'
(Font)                  OT1/cmr/bx/n --> OT4/cmr/bx/n on input line 360.
LaTeX Font Info:    Overwriting math alphabet `\mathsf' in version `normal'
(Font)                  OT1/cmss/m/n --> OT4/cmss/m/n on input line 360.
LaTeX Font Info:    Overwriting math alphabet `\mathit' in version `normal'
(Font)                  OT1/cmr/m/it --> OT4/cmr/m/it on input line 360.
LaTeX Font Info:    Overwriting math alphabet `\mathtt' in version `normal'
(Font)                  OT1/cmtt/m/n --> OT4/cmtt/m/n on input line 360.
LaTeX Font Info:    Overwriting math alphabet `\mathsf' in version `bold'
(Font)                  OT1/cmss/bx/n --> OT4/cmss/bx/n on input line 360.
LaTeX Font Info:    Overwriting math alphabet `\mathit' in version `bold'
(Font)                  OT1/cmr/bx/it --> OT4/cmr/bx/it on input line 360.
LaTeX Font Info:    Encoding `OT1' has changed to `OT4' for symbol font
(Font)              `operators' in the math version `normal' on input line 360.

LaTeX Font Info:    Overwriting symbol font `operators' in version `normal'
(Font)                  OT1/cmr/m/n --> OT4/cmr/m/n on input line 360.
LaTeX Font Info:    Overwriting symbol font `letters' in version `normal'
(Font)                  OML/cmm/m/it --> OML/plm/m/it on input line 360.
LaTeX Font Info:    Overwriting symbol font `symbols' in version `normal'
(Font)                  OMS/cmsy/m/n --> OMS/plsy/m/n on input line 360.
LaTeX Font Info:    Overwriting symbol font `largesymbols' in version `normal'
(Font)                  OMX/cmex/m/n --> OMX/plex/m/n on input line 360.
LaTeX Font Info:    Encoding `OT1' has changed to `OT4' for symbol font
(Font)              `operators' in the math version `bold' on input line 360.
LaTeX Font Info:    Overwriting symbol font `operators' in version `bold'
(Font)                  OT1/cmr/bx/n --> OT4/cmr/bx/n on input line 360.
LaTeX Font Info:    Overwriting symbol font `letters' in version `bold'
(Font)                  OML/cmm/b/it --> OML/plm/b/it on input line 360.
LaTeX Font Info:    Overwriting symbol font `symbols' in version `bold'
(Font)                  OMS/cmsy/b/n --> OMS/plsy/b/n on input line 360.
) ("C:\Users\cp24\AppData\Local\Programs\MiKTeX 2.9\tex/latex/base\inputenc.sty
"
Package: inputenc 2018/08/11 v1.3c Input encoding file
\inpenc@prehook=\toks14
\inpenc@posthook=\toks15
)
("C:\Users\cp24\AppData\Local\Programs\MiKTeX 2.9\tex/latex/graphics\graphicx.s
ty"
Package: graphicx 2017/06/01 v1.1a Enhanced LaTeX Graphics (DPC,SPQR)

("C:\Users\cp24\AppData\Local\Programs\MiKTeX 2.9\tex/latex/graphics\keyval.sty
"
Package: keyval 2014/10/28 v1.15 key=value parser (DPC)
\KV@toks@=\toks16
)
("C:\Users\cp24\AppData\Local\Programs\MiKTeX 2.9\tex/latex/graphics\graphics.s
ty"
Package: graphics 2017/06/25 v1.2c Standard LaTeX Graphics (DPC,SPQR)

("C:\Users\cp24\AppData\Local\Programs\MiKTeX 2.9\tex/latex/graphics\trig.sty"
Package: trig 2016/01/03 v1.10 sin cos tan (DPC)
)
("C:\Users\cp24\AppData\Local\Programs\MiKTeX 2.9\tex/latex/graphics-cfg\graphi
cs.cfg"
File: graphics.cfg 2016/06/04 v1.11 sample graphics configuration
)
Package graphics Info: Driver file: pdftex.def on input line 99.

("C:\Users\cp24\AppData\Local\Programs\MiKTeX 2.9\tex/latex/graphics-def\pdftex
.def"
File: pdftex.def 2018/01/08 v1.0l Graphics/color driver for pdftex
))
\Gin@req@height=\dimen104
\Gin@req@width=\dimen105
) (SR_Lista1.aux)
\openout1 = `SR_Lista1.aux'.

LaTeX Font Info:    Checking defaults for OML/cmm/m/it on input line 10.
LaTeX Font Info:    ... okay on input line 10.
LaTeX Font Info:    Checking defaults for T1/cmr/m/n on input line 10.
LaTeX Font Info:    ... okay on input line 10.
LaTeX Font Info:    Checking defaults for OT1/cmr/m/n on input line 10.
LaTeX Font Info:    ... okay on input line 10.
LaTeX Font Info:    Checking defaults for OMS/cmsy/m/n on input line 10.
LaTeX Font Info:    ... okay on input line 10.
LaTeX Font Info:    Checking defaults for OMX/cmex/m/n on input line 10.
LaTeX Font Info:    ... okay on input line 10.
LaTeX Font Info:    Checking defaults for U/cmr/m/n on input line 10.
LaTeX Font Info:    ... okay on input line 10.
LaTeX Font Info:    Checking defaults for OT4/cmr/m/n on input line 10.
LaTeX Font Info:    ... okay on input line 10.

("C:\Users\cp24\AppData\Local\Programs\MiKTeX 2.9\tex/context/base\supp-pdf.mki
i"
[Loading MPS to PDF converter (version 2006.09.02).]
\scratchcounter=\count90
\scratchdimen=\dimen106
\scratchbox=\box27
\nofMPsegments=\count91
\nofMParguments=\count92
\everyMPshowfont=\toks17
\MPscratchCnt=\count93
\MPscratchDim=\dimen107
\MPnumerator=\count94
\makeMPintoPDFobject=\count95
\everyMPtoPDFconversion=\toks18
)
("C:\Users\cp24\AppData\Local\Programs\MiKTeX 2.9\tex/latex/oberdiek\epstopdf-b
ase.sty"
Package: epstopdf-base 2016/05/15 v2.6 Base part for package epstopdf

("C:\Users\cp24\AppData\Local\Programs\MiKTeX 2.9\tex/generic/oberdiek\infwarer
r.sty"
Package: infwarerr 2016/05/16 v1.4 Providing info/warning/error messages (HO)
)
("C:\Users\cp24\AppData\Local\Programs\MiKTeX 2.9\tex/latex/oberdiek\grfext.sty
"
Package: grfext 2016/05/16 v1.2 Manage graphics extensions (HO)

("C:\Users\cp24\AppData\Local\Programs\MiKTeX 2.9\tex/generic/oberdiek\kvdefine
keys.sty"
Package: kvdefinekeys 2016/05/16 v1.4 Define keys (HO)

("C:\Users\cp24\AppData\Local\Programs\MiKTeX 2.9\tex/generic/oberdiek\ltxcmds.
sty"
Package: ltxcmds 2016/05/16 v1.23 LaTeX kernel commands for general use (HO)
)))
("C:\Users\cp24\AppData\Local\Programs\MiKTeX 2.9\tex/latex/oberdiek\kvoptions.
sty"
Package: kvoptions 2016/05/16 v3.12 Key value format for package options (HO)

("C:\Users\cp24\AppData\Local\Programs\MiKTeX 2.9\tex/generic/oberdiek\kvsetkey
s.sty"
Package: kvsetkeys 2016/05/16 v1.17 Key value parser (HO)

("C:\Users\cp24\AppData\Local\Programs\MiKTeX 2.9\tex/generic/oberdiek\etexcmds
.sty"
Package: etexcmds 2016/05/16 v1.6 Avoid name clashes with e-TeX commands (HO)

("C:\Users\cp24\AppData\Local\Programs\MiKTeX 2.9\tex/generic/oberdiek\ifluatex
.sty"
Package: ifluatex 2016/05/16 v1.4 Provides the ifluatex switch (HO)
Package ifluatex Info: LuaTeX not detected.
))))
("C:\Users\cp24\AppData\Local\Programs\MiKTeX 2.9\tex/generic/oberdiek\pdftexcm
ds.sty"
Package: pdftexcmds 2018/09/10 v0.29 Utility functions of pdfTeX for LuaTeX (HO
)

("C:\Users\cp24\AppData\Local\Programs\MiKTeX 2.9\tex/generic/oberdiek\ifpdf.st
y"
Package: ifpdf 2018/09/07 v3.3 Provides the ifpdf switch
)
Package pdftexcmds Info: LuaTeX not detected.
Package pdftexcmds Info: \pdf@primitive is available.
Package pdftexcmds Info: \pdf@ifprimitive is available.
Package pdftexcmds Info: \pdfdraftmode found.
)
Package epstopdf-base Info: Redefining graphics rule for `.eps' on input line 4
38.
Package grfext Info: Graphics extension search list:
(grfext)             [.pdf,.png,.jpg,.mps,.jpeg,.jbig2,.jb2,.PDF,.PNG,.JPG,.JPE
G,.JBIG2,.JB2,.eps]
(grfext)             \AppendGraphicsExtensions on input line 456.
)
LaTeX Font Info:    Try loading font information for OML+plm on input line 11.

("C:\Users\cp24\AppData\Local\Programs\MiKTeX 2.9\tex/latex/polski\omlplm.fd"
File: omlplm.fd 2008/02/24 v1.2.1 Font defs for fonts PL (MW)
)
LaTeX Font Info:    Try loading font information for OMS+plsy on input line 11.


("C:\Users\cp24\AppData\Local\Programs\MiKTeX 2.9\tex/latex/polski\omsplsy.fd"
File: omsplsy.fd 2008/02/24 v1.2.1 Font defs for fonts PL (MW)
)
LaTeX Font Info:    Try loading font information for OMX+plex on input line 11.

("C:\Users\cp24\AppData\Local\Programs\MiKTeX 2.9\tex/latex/polski\omxplex.fd"
File: omxplex.fd 2008/02/24 v1.2.1 Font defs for fonts PL (MW)
)
LaTeX Font Info:    External font `plex10' loaded for size
(Font)              <12> on input line 11.
LaTeX Font Info:    External font `plex10' loaded for size
(Font)              <8> on input line 11.
LaTeX Font Info:    External font `plex10' loaded for size
(Font)              <6> on input line 11.

Overfull \hbox (6.1447pt too wide) in paragraph at lines 12--12
[]\OT4/cmr/bx/n/14.4 Zad.1 Wiadomo, »e po-j¦-cie sys-temu rozpros-zonego
 []


Overfull \hbox (1.01114pt too wide) in paragraph at lines 12--12
\OT4/cmr/bx/n/14.4 wymyka si¦ jed-nej definicji. W prak-tyce taka stan-
 []


Overfull \hbox (4.328pt too wide) in paragraph at lines 14--14
[]\OT4/cmr/bx/n/14.4 Zad.2 Jak¡ rol¦ w sys-temie rozpros-zonym odgrywa
 []

LaTeX Font Info:    Try loading font information for OMS+cmr on input line 19.
("C:\Users\cp24\AppData\Local\Programs\MiKTeX 2.9\tex/latex/base\omscmr.fd"
File: omscmr.fd 2014/09/29 v2.5h Standard LaTeX font definitions
)
LaTeX Font Info:    Font shape `OMS/cmr/m/n' in size <10> not available
(Font)              Font shape `OMS/cmsy/m/n' tried instead on input line 19.

[1

{C:/Users/cp24/AppData/Local/MiKTeX/2.9/pdftex/config/pdftex.map}]
Overfull \hbox (1.46118pt too wide) in paragraph at lines 28--28
\OT4/cmr/bx/n/14.4 usuwanie ich skutków (rekon-strukcje, uz-draw-ianie
 []


Overfull \hbox (2.85645pt too wide) in paragraph at lines 30--30
\OT4/cmr/bx/n/14.4 szego stop-nia przezroczys-to±ci jest za-wsze do-brym
 []


Overfull \hbox (0.41731pt too wide) in paragraph at lines 31--32
\OT4/cmr/m/n/10 Nie za-wsze jest to do-bry pomysª. Przykªad-owo je±li ad-min-is
-tra-tor sys-temu b¦dzie
 []


Overfull \hbox (1.08392pt too wide) in paragraph at lines 31--32
\OT4/cmr/m/n/10 chciaª ukry¢ awari¦ po-je-dynczego kom-put-era w sys-temie, to 
mo»e to do-prowadzi¢
 []


Overfull \hbox (41.08398pt too wide) in paragraph at lines 35--36
\OT4/cmr/m/n/10 Skalowalno±¢ oz-nacza mo»li-wo±¢ do-da-nia nowych za-sobów i u»
ytkown-ików, rozmieszczenia
 []

[2]
Overfull \hbox (43.35118pt too wide) in paragraph at lines 41--41
[]\OT4/cmr/bx/n/14.4 Zad.9 Skalowal-no±¢ mo»na os-i¡gn¡¢ ró»nymi sposobami.
 []


Overfull \hbox (2.65121pt too wide) in paragraph at lines 50--50
\OT4/cmr/bx/n/14.4 nymi jest zor-ga-ni-zowany w ukªadzie kraty o wymi-
 []

<grid.png, id=13, 324.46219pt x 173.14688pt>
File: grid.png Graphic file (type png)
<use grid.png>
Package pdftex.def Info: grid.png  used on input line 53.
(pdftex.def)             Requested size: 324.46138pt x 173.14645pt.

Overfull \hbox (9.40619pt too wide) in paragraph at lines 55--55
\OT4/cmr/bx/n/14.4 cen-tral-nymi. Ile dla niej wynosi opó¹nie-nie(równie»
 []

[3 <./grid.png>]
Overfull \hbox (11.50056pt too wide) in paragraph at lines 58--59
\OT4/cmr/m/n/10 przeczy-ta¢ na stronie: https://www.geeksforgeeks.org/differenc
e-between-network-
 []


Overfull \hbox (0.58394pt too wide) in paragraph at lines 60--61
\OT4/cmr/m/n/10 Jest to ar-chitek-tura pami¦ci kom-put-erowej, w której fizy-cz
nie odd-zielone pami¦ci
 []


Overfull \hbox (5.76797pt too wide) in paragraph at lines 61--61
[]\OT4/cmr/bx/n/14.4 Zad.17 Czym ró»ni¡ si¦ sys-temy zgrupowane (klas-
 []


Overfull \hbox (5.81122pt too wide) in paragraph at lines 61--61
\OT4/cmr/bx/n/14.4 trowe) od siatkowych (gri-d-owych)? Je±li si¦ ró»ni¡. 
 []


Overfull \hbox (40.52954pt too wide) in paragraph at lines 63--63
[]\OT4/cmr/bx/n/14.4 Zad.19 Mówi si¦, »e w przy-padku zaniecha-nia transakcji
 []


Overfull \hbox (12.14621pt too wide) in paragraph at lines 63--63
\OT4/cmr/bx/n/14.4 ±wiat powraca do poprzed-niego stanu,tak jak gdyby
 []


Overfull \hbox (4.16739pt too wide) in paragraph at lines 66--67
\OT4/cmr/m/n/10 Koordynator powinien ko-or-dynowa¢ zobow-i¡za-nia sub-transakcj
i, zgod-nie ze stan-
 []

[4] [5] (SR_Lista1.aux) ) 
Here is how much of TeX's memory you used:
 2213 strings out of 492946
 32777 string characters out of 3126710
 102914 words of memory out of 3000000
 6072 multiletter control sequences out of 15000+200000
 9320 words of font info for 28 fonts, out of 3000000 for 9000
 1141 hyphenation exceptions out of 8191
 41i,6n,25p,508b,212s stack positions out of 5000i,500n,10000p,200000b,50000s
{C:/Users/cp24/AppData/Local/Programs/MiKTeX 2.9/fonts
/enc/dvips/pl/plrm.enc}<C:/Users/cp24/AppData/Local/Programs/MiKTeX 2.9/fonts/t
ype1/public/amsfonts/cm/cmsy10.pfb><C:/Users/cp24/AppData/Local/Programs/MiKTeX
 2.9/fonts/type1/public/pl/plbx12.pfb><C:/Users/cp24/AppData/Local/Programs/MiK
TeX 2.9/fonts/type1/public/pl/plr10.pfb><C:/Users/cp24/AppData/Local/Programs/M
iKTeX 2.9/fonts/type1/public/pl/plr12.pfb><C:/Users/cp24/AppData/Local/Programs
/MiKTeX 2.9/fonts/type1/public/pl/plr17.pfb>
Output written on SR_Lista1.pdf (5 pages, 87555 bytes).
PDF statistics:
 40 PDF objects out of 1000 (max. 8388607)
 0 named destinations out of 1000 (max. 500000)
 6 words of extra memory for PDF output out of 10000 (max. 10000000)

